This is XeTeX, Version 3.141592653-2.6-0.999994 (MiKTeX 22.10) (preloaded format=xelatex 2022.12.1)  1 DEC 2022 14:08
entering extended mode
 restricted \write18 enabled.
 %&-line parsing enabled.
**./thesis.tex
(thesis.tex
LaTeX2e <2022-06-01> patch level 5
L3 programming layer <2022-09-28>
(C:\Users\Akos\AppData\Local\Programs\MiKTeX\tex/latex/base\report.cls
Document Class: report 2021/10/04 v1.4n Standard LaTeX document class
(C:\Users\Akos\AppData\Local\Programs\MiKTeX\tex/latex/base\size11.clo
File: size11.clo 2021/10/04 v1.4n Standard LaTeX file (size option)
)
\c@part=\count181
\c@chapter=\count182
\c@section=\count183
\c@subsection=\count184
\c@subsubsection=\count185
\c@paragraph=\count186
\c@subparagraph=\count187
\c@figure=\count188
\c@table=\count189
\abovecaptionskip=\skip47
\belowcaptionskip=\skip48
\bibindent=\dimen138
)
(include/packages.tex
(C:\Users\Akos\AppData\Local\Programs\MiKTeX\tex/generic/iftex\ifxetex.sty
Package: ifxetex 2019/10/25 v0.7 ifxetex legacy package. Use iftex instead.

(C:\Users\Akos\AppData\Local\Programs\MiKTeX\tex/generic/iftex\iftex.sty
Package: iftex 2022/02/03 v1.0f TeX engine tests
))
(C:\Users\Akos\AppData\Local\Programs\MiKTeX\tex/generic/iftex\ifluatex.sty
Package: ifluatex 2019/10/25 v1.5 ifluatex legacy package. Use iftex instead.
)
(C:\Users\Akos\AppData\Local\Programs\MiKTeX\tex/latex/fontspec\fontspec.sty
(C:\Users\Akos\AppData\Local\Programs\MiKTeX\tex/latex/l3packages/xparse\xparse
.sty (C:\Users\Akos\AppData\Local\Programs\MiKTeX\tex/latex/l3kernel\expl3.sty
Package: expl3 2022-09-28 L3 programming layer (loader) 

(C:\Users\Akos\AppData\Local\Programs\MiKTeX\tex/latex/l3backend\l3backend-xete
x.def
File: l3backend-xetex.def 2022-09-28 L3 backend support: XeTeX
\g__graphics_track_int=\count190
\l__pdf_internal_box=\box51
\g__pdf_backend_object_int=\count191
\g__pdf_backend_annotation_int=\count192
\g__pdf_backend_link_int=\count193
))
Package: xparse 2022-06-22 L3 Experimental document command parser
)
Package: fontspec 2022/01/15 v2.8a Font selection for XeLaTeX and LuaLaTeX

(C:\Users\Akos\AppData\Local\Programs\MiKTeX\tex/latex/fontspec\fontspec-xetex.
sty
Package: fontspec-xetex 2022/01/15 v2.8a Font selection for XeLaTeX and LuaLaTe
X
\l__fontspec_script_int=\count194
\l__fontspec_language_int=\count195
\l__fontspec_strnum_int=\count196
\l__fontspec_tmp_int=\count197
\l__fontspec_tmpa_int=\count198
\l__fontspec_tmpb_int=\count199
\l__fontspec_tmpc_int=\count266
\l__fontspec_em_int=\count267
\l__fontspec_emdef_int=\count268
\l__fontspec_strong_int=\count269
\l__fontspec_strongdef_int=\count270
\l__fontspec_tmpa_dim=\dimen139
\l__fontspec_tmpb_dim=\dimen140
\l__fontspec_tmpc_dim=\dimen141
 (C:\Users\Akos\AppData\Local\Programs\MiKTeX\tex/latex/base\fontenc.sty
Package: fontenc 2021/04/29 v2.0v Standard LaTeX package
)
(C:\Users\Akos\AppData\Local\Programs\MiKTeX\tex/latex/fontspec\fontspec.cfg)))
(C:\Users\Akos\AppData\Local\Programs\MiKTeX\tex/generic/babel\babel.sty
Package: babel 2022/10/04 3.81 The Babel package
\babel@savecnt=\count271
\U@D=\dimen142
\l@unhyphenated=\language79

(C:\Users\Akos\AppData\Local\Programs\MiKTeX\tex/generic/babel\xebabel.def
(C:\Users\Akos\AppData\Local\Programs\MiKTeX\tex/generic/babel\txtbabel.def))
\bbl@readstream=\read2
\bbl@dirlevel=\count272

*************************************
* Local config file bblopts.cfg used
*
(C:\Users\Akos\AppData\Local\Programs\MiKTeX\tex/latex/arabi\bblopts.cfg
File: bblopts.cfg 2005/09/08 v0.1 add Arabic and Farsi to "declared" options of
 babel
)
(C:\Users\Akos\AppData\Local\Programs\MiKTeX\tex/latex/babel-english\english.ld
f
Language: english 2017/06/06 v3.3r English support from the babel system
Package babel Info: Hyphen rules for 'canadian' set to \l@english
(babel)             (\language0). Reported on input line 102.
Package babel Info: Hyphen rules for 'australian' set to \l@ukenglish
(babel)             (\language73). Reported on input line 105.
Package babel Info: Hyphen rules for 'newzealand' set to \l@ukenglish
(babel)             (\language73). Reported on input line 108.
) (magyar.ldf
Invalid UTF-8 byte or sequence at line 61 replaced by U+FFFD.
Invalid UTF-8 byte or sequence at line 61 replaced by U+FFFD.
Language: magyar 2015/11/24 v1.5c Magyar support from the babel v3.7 system
Invalid UTF-8 byte or sequence at line 162 replaced by U+FFFD.
Invalid UTF-8 byte or sequence at line 1312 replaced by U+FFFD.
Invalid UTF-8 byte or sequence at line 1312 replaced by U+FFFD.
Invalid UTF-8 byte or sequence at line 1312 replaced by U+FFFD.
Invalid UTF-8 byte or sequence at line 1379 replaced by U+FFFD.
Invalid UTF-8 byte or sequence at line 1379 replaced by U+FFFD.
Invalid UTF-8 byte or sequence at line 1379 replaced by U+FFFD.
Invalid UTF-8 byte or sequence at line 1444 replaced by U+FFFD.
Invalid UTF-8 byte or sequence at line 1599 replaced by U+FFFD.
Invalid UTF-8 byte or sequence at line 1599 replaced by U+FFFD.
Invalid UTF-8 byte or sequence at line 1599 replaced by U+FFFD.
Invalid UTF-8 byte or sequence at line 1599 replaced by U+FFFD.
Invalid UTF-8 byte or sequence at line 1616 replaced by U+FFFD.
Invalid UTF-8 byte or sequence at line 1616 replaced by U+FFFD.
Invalid UTF-8 byte or sequence at line 1687 replaced by U+FFFD.
Invalid UTF-8 byte or sequence at line 1804 replaced by U+FFFD.
Invalid UTF-8 byte or sequence at line 1845 replaced by U+FFFD.
Invalid UTF-8 byte or sequence at line 1845 replaced by U+FFFD.
Invalid UTF-8 byte or sequence at line 1848 replaced by U+FFFD.
Invalid UTF-8 byte or sequence at line 1848 replaced by U+FFFD.
Invalid UTF-8 byte or sequence at line 1848 replaced by U+FFFD.
Invalid UTF-8 byte or sequence at line 1848 replaced by U+FFFD.
Package babel Info: Making ` an active character on input line 2735.
Invalid UTF-8 byte or sequence at line 2751 replaced by U+FFFD.
Invalid UTF-8 byte or sequence at line 2751 replaced by U+FFFD.
Invalid UTF-8 byte or sequence at line 2757 replaced by U+FFFD.
Invalid UTF-8 byte or sequence at line 2757 replaced by U+FFFD.
Invalid UTF-8 byte or sequence at line 2758 replaced by U+FFFD.
Invalid UTF-8 byte or sequence at line 2758 replaced by U+FFFD.
Invalid UTF-8 byte or sequence at line 2758 replaced by U+FFFD.
Invalid UTF-8 byte or sequence at line 2762 replaced by U+FFFD.
Invalid UTF-8 byte or sequence at line 2762 replaced by U+FFFD.
Invalid UTF-8 byte or sequence at line 2768 replaced by U+FFFD.
Invalid UTF-8 byte or sequence at line 2768 replaced by U+FFFD.
Invalid UTF-8 byte or sequence at line 2769 replaced by U+FFFD.
Invalid UTF-8 byte or sequence at line 2848 replaced by U+FFFD.
Invalid UTF-8 byte or sequence at line 2857 replaced by U+FFFD.
Invalid UTF-8 byte or sequence at line 2877 replaced by U+FFFD.
Invalid UTF-8 byte or sequence at line 2881 replaced by U+FFFD.
Invalid UTF-8 byte or sequence at line 2881 replaced by U+FFFD.
Invalid UTF-8 byte or sequence at line 2908 replaced by U+FFFD.
Invalid UTF-8 byte or sequence at line 2908 replaced by U+FFFD.
Invalid UTF-8 byte or sequence at line 2926 replaced by U+FFFD.
Invalid UTF-8 byte or sequence at line 2943 replaced by U+FFFD.
Invalid UTF-8 byte or sequence at line 2947 replaced by U+FFFD.
Invalid UTF-8 byte or sequence at line 2947 replaced by U+FFFD.
Invalid UTF-8 byte or sequence at line 2974 replaced by U+FFFD.
Invalid UTF-8 byte or sequence at line 2974 replaced by U+FFFD.
Invalid UTF-8 byte or sequence at line 3065 replaced by U+FFFD.
Invalid UTF-8 byte or sequence at line 3461 replaced by U+FFFD.
Invalid UTF-8 byte or sequence at line 3463 replaced by U+FFFD.
Invalid UTF-8 byte or sequence at line 3464 replaced by U+FFFD.
Invalid UTF-8 byte or sequence at line 3465 replaced by U+FFFD.
Invalid UTF-8 byte or sequence at line 3465 replaced by U+FFFD.
Invalid UTF-8 byte or sequence at line 3467 replaced by U+FFFD.
Invalid UTF-8 byte or sequence at line 3468 replaced by U+FFFD.
Invalid UTF-8 byte or sequence at line 3473 replaced by U+FFFD.
Invalid UTF-8 byte or sequence at line 3474 replaced by U+FFFD.
Invalid UTF-8 byte or sequence at line 3475 replaced by U+FFFD.
Invalid UTF-8 byte or sequence at line 3476 replaced by U+FFFD.
Invalid UTF-8 byte or sequence at line 3477 replaced by U+FFFD.
Invalid UTF-8 byte or sequence at line 3477 replaced by U+FFFD.
Invalid UTF-8 byte or sequence at line 3690 replaced by U+FFFD.
Invalid UTF-8 byte or sequence at line 3690 replaced by U+FFFD.
Invalid UTF-8 byte or sequence at line 3700 replaced by U+FFFD.
Invalid UTF-8 byte or sequence at line 3700 replaced by U+FFFD.
Invalid UTF-8 byte or sequence at line 3706 replaced by U+FFFD.
Invalid UTF-8 byte or sequence at line 4045 replaced by U+FFFD.
Invalid UTF-8 byte or sequence at line 4052 replaced by U+FFFD.
Invalid UTF-8 byte or sequence at line 4052 replaced by U+FFFD.
Invalid UTF-8 byte or sequence at line 4052 replaced by U+FFFD.
Invalid UTF-8 byte or sequence at line 4052 replaced by U+FFFD.
Invalid UTF-8 byte or sequence at line 4052 replaced by U+FFFD.
Invalid UTF-8 byte or sequence at line 4052 replaced by U+FFFD.
Invalid UTF-8 byte or sequence at line 4053 replaced by U+FFFD.
Invalid UTF-8 byte or sequence at line 4054 replaced by U+FFFD.
Invalid UTF-8 byte or sequence at line 4057 replaced by U+FFFD.
Invalid UTF-8 byte or sequence at line 4057 replaced by U+FFFD.
Invalid UTF-8 byte or sequence at line 4058 replaced by U+FFFD.
Invalid UTF-8 byte or sequence at line 4059 replaced by U+FFFD.
Invalid UTF-8 byte or sequence at line 4059 replaced by U+FFFD.
Invalid UTF-8 byte or sequence at line 4059 replaced by U+FFFD.
Invalid UTF-8 byte or sequence at line 4059 replaced by U+FFFD.
Invalid UTF-8 byte or sequence at line 4059 replaced by U+FFFD.
Invalid UTF-8 byte or sequence at line 4059 replaced by U+FFFD.
Invalid UTF-8 byte or sequence at line 4059 replaced by U+FFFD.
Invalid UTF-8 byte or sequence at line 4059 replaced by U+FFFD.
Invalid UTF-8 byte or sequence at line 4059 replaced by U+FFFD.
\c@footnote@add=\count273
\c@footnote@ch=\count274
Invalid UTF-8 byte or sequence at line 4278 replaced by U+FFFD.
Invalid UTF-8 byte or sequence at line 4278 replaced by U+FFFD.
Invalid UTF-8 byte or sequence at line 4278 replaced by U+FFFD.
Invalid UTF-8 byte or sequence at line 4278 replaced by U+FFFD.
Invalid UTF-8 byte or sequence at line 4278 replaced by U+FFFD.
Invalid UTF-8 byte or sequence at line 5442 replaced by U+FFFD.
Invalid UTF-8 byte or sequence at line 5622 replaced by U+FFFD.
Invalid UTF-8 byte or sequence at line 5622 replaced by U+FFFD.
Invalid UTF-8 byte or sequence at line 5622 replaced by U+FFFD.
Invalid UTF-8 byte or sequence at line 5622 replaced by U+FFFD.
Invalid UTF-8 byte or sequence at line 5622 replaced by U+FFFD.
Invalid UTF-8 byte or sequence at line 5642 replaced by U+FFFD.
Invalid UTF-8 byte or sequence at line 5642 replaced by U+FFFD.
Invalid UTF-8 byte or sequence at line 5644 replaced by U+FFFD.
Invalid UTF-8 byte or sequence at line 5644 replaced by U+FFFD.
Invalid UTF-8 byte or sequence at line 5644 replaced by U+FFFD.
Invalid UTF-8 byte or sequence at line 5644 replaced by U+FFFD.
Invalid UTF-8 byte or sequence at line 5644 replaced by U+FFFD.
Invalid UTF-8 byte or sequence at line 5651 replaced by U+FFFD.
Invalid UTF-8 byte or sequence at line 5651 replaced by U+FFFD.
Invalid UTF-8 byte or sequence at line 5654 replaced by U+FFFD.
Invalid UTF-8 byte or sequence at line 5693 replaced by U+FFFD.
Invalid UTF-8 byte or sequence at line 5693 replaced by U+FFFD.
Invalid UTF-8 byte or sequence at line 5693 replaced by U+FFFD.
Invalid UTF-8 byte or sequence at line 5713 replaced by U+FFFD.
Invalid UTF-8 byte or sequence at line 5713 replaced by U+FFFD.
Invalid UTF-8 byte or sequence at line 5713 replaced by U+FFFD.
Invalid UTF-8 byte or sequence at line 5713 replaced by U+FFFD.
Invalid UTF-8 byte or sequence at line 5713 replaced by U+FFFD.
Invalid UTF-8 byte or sequence at line 5713 replaced by U+FFFD.
Invalid UTF-8 byte or sequence at line 5714 replaced by U+FFFD.
Invalid UTF-8 byte or sequence at line 5714 replaced by U+FFFD.
Invalid UTF-8 byte or sequence at line 5714 replaced by U+FFFD.
Invalid UTF-8 byte or sequence at line 5714 replaced by U+FFFD.
Invalid UTF-8 byte or sequence at line 5714 replaced by U+FFFD.
Invalid UTF-8 byte or sequence at line 5714 replaced by U+FFFD.
Invalid UTF-8 byte or sequence at line 5732 replaced by U+FFFD.
Invalid UTF-8 byte or sequence at line 5732 replaced by U+FFFD.
Invalid UTF-8 byte or sequence at line 5734 replaced by U+FFFD.
Invalid UTF-8 byte or sequence at line 5734 replaced by U+FFFD.
Invalid UTF-8 byte or sequence at line 5734 replaced by U+FFFD.
Invalid UTF-8 byte or sequence at line 5734 replaced by U+FFFD.
Invalid UTF-8 byte or sequence at line 5734 replaced by U+FFFD.
Invalid UTF-8 byte or sequence at line 5735 replaced by U+FFFD.
Invalid UTF-8 byte or sequence at line 5735 replaced by U+FFFD.
Invalid UTF-8 byte or sequence at line 5735 replaced by U+FFFD.
Invalid UTF-8 byte or sequence at line 5735 replaced by U+FFFD.
Invalid UTF-8 byte or sequence at line 5735 replaced by U+FFFD.
Invalid UTF-8 byte or sequence at line 5735 replaced by U+FFFD.
Invalid UTF-8 byte or sequence at line 5735 replaced by U+FFFD.
Invalid UTF-8 byte or sequence at line 5762 replaced by U+FFFD.
Invalid UTF-8 byte or sequence at line 5762 replaced by U+FFFD.
Invalid UTF-8 byte or sequence at line 5762 replaced by U+FFFD.
Invalid UTF-8 byte or sequence at line 5762 replaced by U+FFFD.
Invalid UTF-8 byte or sequence at line 5762 replaced by U+FFFD.
Invalid UTF-8 byte or sequence at line 5762 replaced by U+FFFD.
Invalid UTF-8 byte or sequence at line 5764 replaced by U+FFFD.
Invalid UTF-8 byte or sequence at line 5766 replaced by U+FFFD.
Invalid UTF-8 byte or sequence at line 5766 replaced by U+FFFD.
Invalid UTF-8 byte or sequence at line 5770 replaced by U+FFFD.
Invalid UTF-8 byte or sequence at line 5770 replaced by U+FFFD.
Invalid UTF-8 byte or sequence at line 5772 replaced by U+FFFD.
Invalid UTF-8 byte or sequence at line 5772 replaced by U+FFFD.
Invalid UTF-8 byte or sequence at line 5784 replaced by U+FFFD.
Invalid UTF-8 byte or sequence at line 5789 replaced by U+FFFD.
Invalid UTF-8 byte or sequence at line 5794 replaced by U+FFFD.
))
(C:\Users\Akos\AppData\Local\Programs\MiKTeX\tex/generic/babel/locale/hu\babel-
magyar.tex
Package babel Info: Importing font and identification data for magyar
(babel)             from babel-hu.ini. Reported on input line 11.
)
(C:\Users\Akos\AppData\Local\Programs\MiKTeX\tex/generic/babel/locale/en\babel-
english.tex
Package babel Info: Importing font and identification data for english
(babel)             from babel-en.ini. Reported on input line 11.
)
(C:\Users\Akos\AppData\Local\Programs\MiKTeX\tex/latex/amsfonts\amsfonts.sty
Package: amsfonts 2013/01/14 v3.01 Basic AMSFonts support
\@emptytoks=\toks16
\symAMSa=\mathgroup4
\symAMSb=\mathgroup5
LaTeX Font Info:    Redeclaring math symbol \hbar on input line 98.
LaTeX Font Info:    Overwriting math alphabet `\mathfrak' in version `bold'
(Font)                  U/euf/m/n --> U/euf/b/n on input line 106.
)
(C:\Users\Akos\AppData\Local\Programs\MiKTeX\tex/latex/amsmath\amsmath.sty
Package: amsmath 2022/04/08 v2.17n AMS math features
\@mathmargin=\skip49

For additional information on amsmath, use the `?' option.
(C:\Users\Akos\AppData\Local\Programs\MiKTeX\tex/latex/amsmath\amstext.sty
Package: amstext 2021/08/26 v2.01 AMS text

(C:\Users\Akos\AppData\Local\Programs\MiKTeX\tex/latex/amsmath\amsgen.sty
File: amsgen.sty 1999/11/30 v2.0 generic functions
\@emptytoks=\toks17
\ex@=\dimen143
))
(C:\Users\Akos\AppData\Local\Programs\MiKTeX\tex/latex/amsmath\amsbsy.sty
Package: amsbsy 1999/11/29 v1.2d Bold Symbols
\pmbraise@=\dimen144
)
(C:\Users\Akos\AppData\Local\Programs\MiKTeX\tex/latex/amsmath\amsopn.sty
Package: amsopn 2022/04/08 v2.04 operator names
)
\inf@bad=\count275
LaTeX Info: Redefining \frac on input line 234.
\uproot@=\count276
\leftroot@=\count277
LaTeX Info: Redefining \overline on input line 399.
LaTeX Info: Redefining \colon on input line 410.
\classnum@=\count278
\DOTSCASE@=\count279
LaTeX Info: Redefining \ldots on input line 496.
LaTeX Info: Redefining \dots on input line 499.
LaTeX Info: Redefining \cdots on input line 620.
\Mathstrutbox@=\box52
\strutbox@=\box53
LaTeX Info: Redefining \big on input line 722.
LaTeX Info: Redefining \Big on input line 723.
LaTeX Info: Redefining \bigg on input line 724.
LaTeX Info: Redefining \Bigg on input line 725.
\big@size=\dimen145
LaTeX Font Info:    Redeclaring font encoding OML on input line 743.
LaTeX Font Info:    Redeclaring font encoding OMS on input line 744.
\macc@depth=\count280
LaTeX Info: Redefining \bmod on input line 905.
LaTeX Info: Redefining \pmod on input line 910.
LaTeX Info: Redefining \smash on input line 940.
LaTeX Info: Redefining \relbar on input line 970.
LaTeX Info: Redefining \Relbar on input line 971.
\c@MaxMatrixCols=\count281
\dotsspace@=\muskip16
\c@parentequation=\count282
\dspbrk@lvl=\count283
\tag@help=\toks18
\row@=\count284
\column@=\count285
\maxfields@=\count286
\andhelp@=\toks19
\eqnshift@=\dimen146
\alignsep@=\dimen147
\tagshift@=\dimen148
\tagwidth@=\dimen149
\totwidth@=\dimen150
\lineht@=\dimen151
\@envbody=\toks20
\multlinegap=\skip50
\multlinetaggap=\skip51
\mathdisplay@stack=\toks21
LaTeX Info: Redefining \[ on input line 2953.
LaTeX Info: Redefining \] on input line 2954.
)
(C:\Users\Akos\AppData\Local\Programs\MiKTeX\tex/latex/amsfonts\amssymb.sty
Package: amssymb 2013/01/14 v3.01 AMS font symbols
)
(C:\Users\Akos\AppData\Local\Programs\MiKTeX\tex/latex/booktabs\booktabs.sty
Package: booktabs 2020/01/12 v1.61803398 Publication quality tables
\heavyrulewidth=\dimen152
\lightrulewidth=\dimen153
\cmidrulewidth=\dimen154
\belowrulesep=\dimen155
\belowbottomsep=\dimen156
\aboverulesep=\dimen157
\abovetopsep=\dimen158
\cmidrulesep=\dimen159
\cmidrulekern=\dimen160
\defaultaddspace=\dimen161
\@cmidla=\count287
\@cmidlb=\count288
\@aboverulesep=\dimen162
\@belowrulesep=\dimen163
\@thisruleclass=\count289
\@lastruleclass=\count290
\@thisrulewidth=\dimen164
)
(C:\Users\Akos\AppData\Local\Programs\MiKTeX\tex/latex/graphics\graphicx.sty
Package: graphicx 2021/09/16 v1.2d Enhanced LaTeX Graphics (DPC,SPQR)

(C:\Users\Akos\AppData\Local\Programs\MiKTeX\tex/latex/graphics\keyval.sty
Package: keyval 2022/05/29 v1.15 key=value parser (DPC)
\KV@toks@=\toks22
)
(C:\Users\Akos\AppData\Local\Programs\MiKTeX\tex/latex/graphics\graphics.sty
Package: graphics 2022/03/10 v1.4e Standard LaTeX Graphics (DPC,SPQR)

(C:\Users\Akos\AppData\Local\Programs\MiKTeX\tex/latex/graphics\trig.sty
Package: trig 2021/08/11 v1.11 sin cos tan (DPC)
)
(C:\Users\Akos\AppData\Local\Programs\MiKTeX\tex/latex/graphics-cfg\graphics.cf
g
File: graphics.cfg 2016/06/04 v1.11 sample graphics configuration
)
Package graphics Info: Driver file: xetex.def on input line 107.

(C:\Users\Akos\AppData\Local\Programs\MiKTeX\tex/latex/graphics-def\xetex.def
File: xetex.def 2022/09/22 v5.0n Graphics/color driver for xetex
\stockwidth=\dimen165
\stockheight=\dimen166
))
\Gin@req@height=\dimen167
\Gin@req@width=\dimen168
) (C:\Users\Akos\AppData\Local\Programs\MiKTeX\tex/latex/anysize\anysize.sty
Package: anysize 1994/08/13 setting margin sizes

document style option `anysize' loaded
Michael Salzenberg, Thomas Esser, Dirk Hillbrecht
Version 1.0, Aug 13, 1994
\@Leftmargin=\dimen169
\@Rightmargin=\dimen170
\@Topmargin=\dimen171
\@Bottommargin=\dimen172
) (C:\Users\Akos\AppData\Local\Programs\MiKTeX\tex/latex/setspace\setspace.sty
Package: setspace 2011/12/19 v6.7a set line spacing
) (C:\Users\Akos\AppData\Local\Programs\MiKTeX\tex/latex/hyperref\hyperref.sty
Package: hyperref 2022-09-22 v7.00t Hypertext links for LaTeX

(C:\Users\Akos\AppData\Local\Programs\MiKTeX\tex/generic/ltxcmds\ltxcmds.sty
Package: ltxcmds 2020-05-10 v1.25 LaTeX kernel commands for general use (HO)
)
(C:\Users\Akos\AppData\Local\Programs\MiKTeX\tex/generic/pdftexcmds\pdftexcmds.
sty
Package: pdftexcmds 2020-06-27 v0.33 Utility functions of pdfTeX for LuaTeX (HO
)

(C:\Users\Akos\AppData\Local\Programs\MiKTeX\tex/generic/infwarerr\infwarerr.st
y
Package: infwarerr 2019/12/03 v1.5 Providing info/warning/error messages (HO)
)
Package pdftexcmds Info: \pdf@primitive is available.
Package pdftexcmds Info: \pdf@ifprimitive is available.
Package pdftexcmds Info: \pdfdraftmode not found.
)
(C:\Users\Akos\AppData\Local\Programs\MiKTeX\tex/latex/kvsetkeys\kvsetkeys.sty
Package: kvsetkeys 2022-10-05 v1.19 Key value parser (HO)
)
(C:\Users\Akos\AppData\Local\Programs\MiKTeX\tex/generic/kvdefinekeys\kvdefinek
eys.sty
Package: kvdefinekeys 2019-12-19 v1.6 Define keys (HO)
)
(C:\Users\Akos\AppData\Local\Programs\MiKTeX\tex/generic/pdfescape\pdfescape.st
y
Package: pdfescape 2019/12/09 v1.15 Implements pdfTeX's escape features (HO)
) (C:\Users\Akos\AppData\Local\Programs\MiKTeX\tex/latex/hycolor\hycolor.sty
Package: hycolor 2020-01-27 v1.10 Color options for hyperref/bookmark (HO)
)
(C:\Users\Akos\AppData\Local\Programs\MiKTeX\tex/latex/letltxmacro\letltxmacro.
sty
Package: letltxmacro 2019/12/03 v1.6 Let assignment for LaTeX macros (HO)
) (C:\Users\Akos\AppData\Local\Programs\MiKTeX\tex/latex/auxhook\auxhook.sty
Package: auxhook 2019-12-17 v1.6 Hooks for auxiliary files (HO)
) (C:\Users\Akos\AppData\Local\Programs\MiKTeX\tex/latex/hyperref\nameref.sty
Package: nameref 2022-05-17 v2.50 Cross-referencing by name of section

(C:\Users\Akos\AppData\Local\Programs\MiKTeX\tex/latex/refcount\refcount.sty
Package: refcount 2019/12/15 v3.6 Data extraction from label references (HO)
)
(C:\Users\Akos\AppData\Local\Programs\MiKTeX\tex/generic/gettitlestring\gettitl
estring.sty
Package: gettitlestring 2019/12/15 v1.6 Cleanup title references (HO)

(C:\Users\Akos\AppData\Local\Programs\MiKTeX\tex/latex/kvoptions\kvoptions.sty
Package: kvoptions 2022-06-15 v3.15 Key value format for package options (HO)
))
\c@section@level=\count291
)
\@linkdim=\dimen173
\Hy@linkcounter=\count292
\Hy@pagecounter=\count293
 (C:\Users\Akos\AppData\Local\Programs\MiKTeX\tex/latex/hyperref\pd1enc.def
File: pd1enc.def 2022-09-22 v7.00t Hyperref: PDFDocEncoding definition (HO)
)
(C:\Users\Akos\AppData\Local\Programs\MiKTeX\tex/generic/intcalc\intcalc.sty
Package: intcalc 2019/12/15 v1.3 Expandable calculations with integers (HO)
)
(C:\Users\Akos\AppData\Local\Programs\MiKTeX\tex/generic/etexcmds\etexcmds.sty
Package: etexcmds 2019/12/15 v1.7 Avoid name clashes with e-TeX commands (HO)
)
\Hy@SavedSpaceFactor=\count294
(C:\Users\Akos\AppData\Local\Programs\MiKTeX\tex/latex/hyperref\puenc.def
File: puenc.def 2022-09-22 v7.00t Hyperref: PDF Unicode definition (HO)
)
Package hyperref Info: Option `unicode' set `true' on input line 4045.
Package hyperref Info: Hyper figures OFF on input line 4162.
Package hyperref Info: Link nesting OFF on input line 4167.
Package hyperref Info: Hyper index ON on input line 4170.
Package hyperref Info: Plain pages OFF on input line 4177.
Package hyperref Info: Backreferencing OFF on input line 4182.
Package hyperref Info: Implicit mode ON; LaTeX internals redefined.
Package hyperref Info: Bookmarks ON on input line 4410.
\c@Hy@tempcnt=\count295

(C:\Users\Akos\AppData\Local\Programs\MiKTeX\tex/latex/url\url.sty
\Urlmuskip=\muskip17
Package: url 2013/09/16  ver 3.4  Verb mode for urls, etc.
)
LaTeX Info: Redefining \url on input line 4748.
\XeTeXLinkMargin=\dimen174

(C:\Users\Akos\AppData\Local\Programs\MiKTeX\tex/generic/bitset\bitset.sty
Package: bitset 2019/12/09 v1.3 Handle bit-vector datatype (HO)

(C:\Users\Akos\AppData\Local\Programs\MiKTeX\tex/generic/bigintcalc\bigintcalc.
sty
Package: bigintcalc 2019/12/15 v1.5 Expandable calculations on big integers (HO
)
))
\Fld@menulength=\count296
\Field@Width=\dimen175
\Fld@charsize=\dimen176
Package hyperref Info: Hyper figures OFF on input line 6027.
Package hyperref Info: Link nesting OFF on input line 6032.
Package hyperref Info: Hyper index ON on input line 6035.
Package hyperref Info: backreferencing OFF on input line 6042.
Package hyperref Info: Link coloring OFF on input line 6047.
Package hyperref Info: Link coloring with OCG OFF on input line 6052.
Package hyperref Info: PDF/A mode OFF on input line 6057.

(C:\Users\Akos\AppData\Local\Programs\MiKTeX\tex/latex/base\atbegshi-ltx.sty
Package: atbegshi-ltx 2021/01/10 v1.0c Emulation of the original atbegshi
package with kernel methods
)
\Hy@abspage=\count297
\c@Item=\count298
\c@Hfootnote=\count299
)
Package hyperref Info: Driver (autodetected): hxetex.

(C:\Users\Akos\AppData\Local\Programs\MiKTeX\tex/latex/hyperref\hxetex.def
File: hxetex.def 2022-09-22 v7.00t Hyperref driver for XeTeX

(C:\Users\Akos\AppData\Local\Programs\MiKTeX\tex/generic/stringenc\stringenc.st
y
Package: stringenc 2019/11/29 v1.12 Convert strings between diff. encodings (HO
)
)
\pdfm@box=\box54
\c@Hy@AnnotLevel=\count300
\HyField@AnnotCount=\count301
\Fld@listcount=\count302
\c@bookmark@seq@number=\count303

(C:\Users\Akos\AppData\Local\Programs\MiKTeX\tex/latex/rerunfilecheck\rerunfile
check.sty
Package: rerunfilecheck 2022-07-10 v1.10 Rerun checks for auxiliary files (HO)

(C:\Users\Akos\AppData\Local\Programs\MiKTeX\tex/latex/base\atveryend-ltx.sty
Package: atveryend-ltx 2020/08/19 v1.0a Emulation of the original atveryend pac
kage
with kernel methods
)
(C:\Users\Akos\AppData\Local\Programs\MiKTeX\tex/generic/uniquecounter\uniqueco
unter.sty
Package: uniquecounter 2019/12/15 v1.4 Provide unlimited unique counter (HO)
)
Package uniquecounter Info: New unique counter `rerunfilecheck' on input line 2
85.
)
\Hy@SectionHShift=\skip52
)
(C:\Users\Akos\AppData\Local\Programs\MiKTeX\tex/latex/xcolor\xcolor.sty
Package: xcolor 2022/06/12 v2.14 LaTeX color extensions (UK)

(C:\Users\Akos\AppData\Local\Programs\MiKTeX\tex/latex/graphics-cfg\color.cfg
File: color.cfg 2016/01/02 v1.6 sample color configuration
)
Package xcolor Info: Driver file: xetex.def on input line 227.

(C:\Users\Akos\AppData\Local\Programs\MiKTeX\tex/latex/graphics\mathcolor.ltx)
Package xcolor Info: Model `cmy' substituted by `cmy0' on input line 1353.
Package xcolor Info: Model `RGB' extended on input line 1369.
Package xcolor Info: Model `HTML' substituted by `rgb' on input line 1371.
Package xcolor Info: Model `Hsb' substituted by `hsb' on input line 1372.
Package xcolor Info: Model `tHsb' substituted by `hsb' on input line 1373.
Package xcolor Info: Model `HSB' substituted by `hsb' on input line 1374.
Package xcolor Info: Model `Gray' substituted by `gray' on input line 1375.
Package xcolor Info: Model `wave' substituted by `hsb' on input line 1376.
) (C:\Users\Akos\AppData\Local\Programs\MiKTeX\tex/latex/listings\listings.sty
\lst@mode=\count304
\lst@gtempboxa=\box55
\lst@token=\toks23
\lst@length=\count305
\lst@currlwidth=\dimen177
\lst@column=\count306
\lst@pos=\count307
\lst@lostspace=\dimen178
\lst@width=\dimen179
\lst@newlines=\count308
\lst@lineno=\count309
\lst@maxwidth=\dimen180

(C:\Users\Akos\AppData\Local\Programs\MiKTeX\tex/latex/listings\lstmisc.sty
File: lstmisc.sty 2020/03/24 1.8d (Carsten Heinz)
\c@lstnumber=\count310
\lst@skipnumbers=\count311
\lst@framebox=\box56
)
(C:\Users\Akos\AppData\Local\Programs\MiKTeX\tex/latex/listings\listings.cfg
File: listings.cfg 2020/03/24 1.8d listings configuration
))
Package: listings 2020/03/24 1.8d (Carsten Heinz)

(C:\Users\Akos\AppData\Local\Programs\MiKTeX\tex/latex/ntheorem\ntheorem.sty
Style `ntheorem', Version 1.33 <2011/08/15>
Package: ntheorem 2011/08/15 1.33
(C:\Users\Akos\AppData\Local\Programs\MiKTeX\tex/latex/base\ifthen.sty
Package: ifthen 2022/04/13 v1.1d Standard LaTeX ifthen package (DPC)
)
\theorem@style=\toks24
\theorem@@style=\toks25
\theorembodyfont=\toks26
\theoremnumbering=\toks27
\theorempreskipamount=\skip53
\theorempostskipamount=\skip54
\theoremframepreskipamount=\skip55
\theoremframepostskipamount=\skip56
\theoreminframepreskipamount=\skip57
\theoreminframepostskipamount=\skip58
\theorem@preskip=\toks28
\theorem@postskip=\toks29
\theorem@framepreskip=\toks30
\theorem@framepostskip=\toks31
\theorem@inframepreskip=\toks32
\theorem@inframepostskip=\toks33
\theoremindent=\dimen181
\theorem@indent=\dimen182
\theoremrightindent=\dimen183
\theorem@rightindent=\dimen184
\theoremheaderfont=\toks34
\theoremseparator=\toks35
\theoremprework=\toks36
\theorempostwork=\toks37
\theoremsymbol=\toks38
\qedsymbol=\toks39
\theoremkeyword=\toks40
\qedsymbol=\toks41
\thm@topsep=\skip59
\thm@topsepadd=\skip60
Package ntheorem Info: Option `thmmarks' loaded on input line 1175.
\c@endNonectr=\count312
\c@currNonectr=\count313
\mysavskip=\skip61
Package ntheorem Info: option `amsmath' handling for `thmmarks' loaded on input
 line 1175.
\thm@amstmpdepth=\dimen185
\tagwidth=\dimen186
)
(C:\Users\Akos\AppData\Local\Programs\MiKTeX\tex/latex/caption\caption.sty
Package: caption 2022/03/01 v3.6b Customizing captions (AR)

(C:\Users\Akos\AppData\Local\Programs\MiKTeX\tex/latex/caption\caption3.sty
Package: caption3 2022/03/17 v2.3b caption3 kernel (AR)
\caption@tempdima=\dimen187
\captionmargin=\dimen188
\caption@leftmargin=\dimen189
\caption@rightmargin=\dimen190
\caption@width=\dimen191
\caption@indent=\dimen192
\caption@parindent=\dimen193
\caption@hangindent=\dimen194
Package caption Info: Standard document class detected.
Package caption Info: hungarian babel package is loaded.
)
\c@caption@flags=\count314
\c@continuedfloat=\count315
Package caption Info: hungarian babel package is loaded.
Package caption Info: hyperref package is loaded.
Package caption Info: listings package is loaded.
)
(C:\Users\Akos\AppData\Local\Programs\MiKTeX\tex/latex/natbib\natbib.sty
Package: natbib 2010/09/13 8.31b (PWD, AO)
\bibhang=\skip62
\bibsep=\skip63
LaTeX Info: Redefining \cite on input line 694.
\c@NAT@ctr=\count316
))
(C:\Users\Akos\AppData\Local\Programs\MiKTeX\tex/latex/tools\xspace.sty
Package: xspace 2014/10/28 v1.13 Space after command names (DPC,MH)
)
(include/tdk-variables.tex) (include/thesis-en.tex) (include/preamble.tex
Package hyperref Info: Option `unicode' set `true' on input line 39.
Package hyperref Info: Option `pdfnewwindow' set `true' on input line 39.
Package hyperref Info: Option `colorlinks' set `true' on input line 39.
\c@currexamplectr=\count317
\c@endexamplectr=\count318
\c@example=\count319
\c@currdefinitionctr=\count320
\c@enddefinitionctr=\count321
\c@definition=\count322
\c@currtheoremctr=\count323
\c@endtheoremctr=\count324
\c@theorem=\count325
)
(thesis.aux (include/guideline.aux) (include/project.aux)
(include/titlepage.aux) (include/declaration.aux) (content/abstract.aux)
(content/introduction.aux) (content/latex-tools.aux) (content/thesis-format.aux
) (content/template-usage.aux) (content/acknowledgement.aux)
(content/appendices.aux))
\openout1 = `thesis.aux'.

LaTeX Font Info:    Checking defaults for OML/cmm/m/it on input line 46.
LaTeX Font Info:    ... okay on input line 46.
LaTeX Font Info:    Checking defaults for OMS/cmsy/m/n on input line 46.
LaTeX Font Info:    ... okay on input line 46.
LaTeX Font Info:    Checking defaults for OT1/cmr/m/n on input line 46.
LaTeX Font Info:    ... okay on input line 46.
LaTeX Font Info:    Checking defaults for T1/cmr/m/n on input line 46.
LaTeX Font Info:    ... okay on input line 46.
LaTeX Font Info:    Checking defaults for TS1/cmr/m/n on input line 46.
LaTeX Font Info:    Trying to load font information for TS1+cmr on input line 4
6.

(C:\Users\Akos\AppData\Local\Programs\MiKTeX\tex/latex/base\ts1cmr.fd
File: ts1cmr.fd 2019/12/16 v2.5j Standard LaTeX font definitions
)
LaTeX Font Info:    ... okay on input line 46.
LaTeX Font Info:    Checking defaults for TU/lmr/m/n on input line 46.
LaTeX Font Info:    ... okay on input line 46.
LaTeX Font Info:    Checking defaults for OMX/cmex/m/n on input line 46.
LaTeX Font Info:    ... okay on input line 46.
LaTeX Font Info:    Checking defaults for U/cmr/m/n on input line 46.
LaTeX Font Info:    ... okay on input line 46.
LaTeX Font Info:    Checking defaults for PD1/pdf/m/n on input line 46.
LaTeX Font Info:    ... okay on input line 46.
LaTeX Font Info:    Checking defaults for PU/pdf/m/n on input line 46.
LaTeX Font Info:    ... okay on input line 46.

Package fontspec Info: Adjusting the maths setup (use [no-math] to avoid
(fontspec)             this).

\symlegacymaths=\mathgroup6
LaTeX Font Info:    Overwriting symbol font `legacymaths' in version `bold'
(Font)                  OT1/cmr/m/n --> OT1/cmr/bx/n on input line 46.
LaTeX Font Info:    Redeclaring math accent \acute on input line 46.
LaTeX Font Info:    Redeclaring math accent \grave on input line 46.
LaTeX Font Info:    Redeclaring math accent \ddot on input line 46.
LaTeX Font Info:    Redeclaring math accent \tilde on input line 46.
LaTeX Font Info:    Redeclaring math accent \bar on input line 46.
LaTeX Font Info:    Redeclaring math accent \breve on input line 46.
LaTeX Font Info:    Redeclaring math accent \check on input line 46.
LaTeX Font Info:    Redeclaring math accent \hat on input line 46.
LaTeX Font Info:    Redeclaring math accent \dot on input line 46.
LaTeX Font Info:    Redeclaring math accent \mathring on input line 46.
LaTeX Font Info:    Redeclaring math symbol \Gamma on input line 46.
LaTeX Font Info:    Redeclaring math symbol \Delta on input line 46.
LaTeX Font Info:    Redeclaring math symbol \Theta on input line 46.
LaTeX Font Info:    Redeclaring math symbol \Lambda on input line 46.
LaTeX Font Info:    Redeclaring math symbol \Xi on input line 46.
LaTeX Font Info:    Redeclaring math symbol \Pi on input line 46.
LaTeX Font Info:    Redeclaring math symbol \Sigma on input line 46.
LaTeX Font Info:    Redeclaring math symbol \Upsilon on input line 46.
LaTeX Font Info:    Redeclaring math symbol \Phi on input line 46.
LaTeX Font Info:    Redeclaring math symbol \Psi on input line 46.
LaTeX Font Info:    Redeclaring math symbol \Omega on input line 46.
LaTeX Font Info:    Redeclaring math symbol \mathdollar on input line 46.
LaTeX Font Info:    Redeclaring symbol font `operators' on input line 46.
LaTeX Font Info:    Encoding `OT1' has changed to `TU' for symbol font
(Font)              `operators' in the math version `normal' on input line 46.
LaTeX Font Info:    Overwriting symbol font `operators' in version `normal'
(Font)                  OT1/cmr/m/n --> TU/lmr/m/n on input line 46.
LaTeX Font Info:    Encoding `OT1' has changed to `TU' for symbol font
(Font)              `operators' in the math version `bold' on input line 46.
LaTeX Font Info:    Overwriting symbol font `operators' in version `bold'
(Font)                  OT1/cmr/bx/n --> TU/lmr/m/n on input line 46.
LaTeX Font Info:    Overwriting symbol font `operators' in version `normal'
(Font)                  TU/lmr/m/n --> TU/lmr/m/n on input line 46.
LaTeX Font Info:    Overwriting math alphabet `\mathit' in version `normal'
(Font)                  OT1/cmr/m/it --> TU/lmr/m/it on input line 46.
LaTeX Font Info:    Overwriting math alphabet `\mathbf' in version `normal'
(Font)                  OT1/cmr/bx/n --> TU/lmr/b/n on input line 46.
LaTeX Font Info:    Overwriting math alphabet `\mathsf' in version `normal'
(Font)                  OT1/cmss/m/n --> TU/lmss/m/n on input line 46.
LaTeX Font Info:    Overwriting math alphabet `\mathtt' in version `normal'
(Font)                  OT1/cmtt/m/n --> TU/lmtt/m/n on input line 46.
LaTeX Font Info:    Overwriting symbol font `operators' in version `bold'
(Font)                  TU/lmr/m/n --> TU/lmr/b/n on input line 46.
LaTeX Font Info:    Overwriting math alphabet `\mathit' in version `bold'
(Font)                  OT1/cmr/bx/it --> TU/lmr/b/it on input line 46.
LaTeX Font Info:    Overwriting math alphabet `\mathsf' in version `bold'
(Font)                  OT1/cmss/bx/n --> TU/lmss/b/n on input line 46.
LaTeX Font Info:    Overwriting math alphabet `\mathtt' in version `bold'
(Font)                  OT1/cmtt/m/n --> TU/lmtt/b/n on input line 46.


LaTeX Warning: Please use \usepackage{t1enc} with
               \usepackage[magyar]{babel}, to get accented chars hyphenated.


LaTeX Warning: Please use \usepackage[latin2]{inputenc}
               or \usepackage[utf8]{inputenc}
               with \usepackage[magyar]{babel}.

Package hyperref Info: Link coloring ON on input line 46.
(thesis.out) (thesis.out)
\@outlinefile=\write3
\openout3 = `thesis.out'.

\c@lstlisting=\count326
Package caption Info: Begin \AtBeginDocument code.
Package caption Info: End \AtBeginDocument code.

(C:\Users\Akos\AppData\Local\Programs\MiKTeX\tex/latex/base\report.cls
LaTeX Info: Redefining \cal on input line 577.
LaTeX Info: Redefining \mit on input line 578.
)
\openout2 = `include/guideline.aux'.


(include/guideline.tex
LaTeX Font Info:    Trying to load font information for U+msa on input line 29.


(C:\Users\Akos\AppData\Local\Programs\MiKTeX\tex/latex/amsfonts\umsa.fd
File: umsa.fd 2013/01/14 v3.01 AMS symbols A
)
LaTeX Font Info:    Trying to load font information for U+msb on input line 29.


(C:\Users\Akos\AppData\Local\Programs\MiKTeX\tex/latex/amsfonts\umsb.fd
File: umsb.fd 2013/01/14 v3.01 AMS symbols B
))
[1



]
\openout2 = `include/project.aux'.

 (include/project.tex) [2




]
\openout2 = `include/titlepage.aux'.

 (include/titlepage.tex
Package hyperref Info: Option `pageanchor' set `false' on input line 1.
File: figures/bme_logo.pdf Graphic file (type pdf)
<use figures/bme_logo.pdf>
 [1



]
Package hyperref Info: Option `pageanchor' set `false' on input line 32.
) (thesis.toc [1



])
\tf@toc=\write4
\openout4 = `thesis.toc'.


[2]
\openout2 = `include/declaration.aux'.

 (include/declaration.tex [1

])
\openout2 = `content/abstract.aux'.

 (content/abstract.tex [1





]
\c@romanPage=\count327
) [2

]
\openout2 = `content/introduction.aux'.


(content/introduction.tex
Chapter 1.
) [1




]
\openout2 = `content/latex-tools.aux'.

 (content/latex-tools.tex
Chapter 2.
File: figures/TeXstudio.png Graphic file (type bmp)
<figures/TeXstudio.png>
[2




]
(C:\Users\Akos\AppData\Local\Programs\MiKTeX\tex/latex/listings\lstlang1.sty
File: lstlang1.sty 2020/03/24 1.8d listings language file
)
(C:\Users\Akos\AppData\Local\Programs\MiKTeX\tex/latex/listings\lstlang1.sty
File: lstlang1.sty 2020/03/24 1.8d listings language file
)
Underfull \hbox (badness 1033) in paragraph at lines 33--34
\TU/lmr/m/n/10.95 kell állítani a szerkesztőprogramban, például TeXstudio eseté
n legegyszerűbben az
 []

[3]
LaTeX Font Info:    Font shape `TU/lmtt/bx/n' in size <8> not available
(Font)              Font shape `TU/lmtt/b/n' tried instead on input line 43.
) [4]
\openout2 = `content/thesis-format.aux'.

 (content/thesis-format.tex
Chapter 3.

Underfull \hbox (badness 2486) in paragraph at lines 4--5
\TU/lmr/m/n/10.95 Az itt található információk egy része a BME VIK Hallgatói Ké
pviselet által
 []


Underfull \hbox (badness 3058) in paragraph at lines 4--5
\TU/lmr/m/n/10.95 készített „Utolsó félév a villanykaron” c. munkából lett kis 
változtatásokkal
 []

) [5




] [6]
\openout2 = `content/template-usage.aux'.

 (content/template-usage.tex
Chapter 4.
[7




]
File: figures/TeXstudio.png Graphic file (type bmp)
<figures/TeXstudio.png>
File: figures/TeXstudio.png Graphic file (type bmp)
<figures/TeXstudio.png>
File: figures/TeXstudio.png Graphic file (type bmp)
<figures/TeXstudio.png>
File: figures/TeXstudio.png Graphic file (type bmp)
<figures/TeXstudio.png>
 [8] [9]
(C:\Users\Akos\AppData\Local\Programs\MiKTeX\tex/latex/listings\lstlang1.sty
File: lstlang1.sty 2020/03/24 1.8d listings language file
)
(C:\Users\Akos\AppData\Local\Programs\MiKTeX\tex/latex/listings\lstlang2.sty
File: lstlang2.sty 2020/03/24 1.8d listings language file
)
(C:\Users\Akos\AppData\Local\Programs\MiKTeX\tex/latex/listings\lstlang3.sty
File: lstlang3.sty 2020/03/24 1.8d listings language file
)
(C:\Users\Akos\AppData\Local\Programs\MiKTeX\tex/latex/listings\lstlang1.sty
File: lstlang1.sty 2020/03/24 1.8d listings language file
)
(C:\Users\Akos\AppData\Local\Programs\MiKTeX\tex/latex/listings\lstlang2.sty
File: lstlang2.sty 2020/03/24 1.8d listings language file
)
(C:\Users\Akos\AppData\Local\Programs\MiKTeX\tex/latex/listings\lstlang3.sty
File: lstlang3.sty 2020/03/24 1.8d listings language file
)
(C:\Users\Akos\AppData\Local\Programs\MiKTeX\tex/latex/listings\lstlang1.sty
File: lstlang1.sty 2020/03/24 1.8d listings language file
)
(C:\Users\Akos\AppData\Local\Programs\MiKTeX\tex/latex/listings\lstlang2.sty
File: lstlang2.sty 2020/03/24 1.8d listings language file
)
(C:\Users\Akos\AppData\Local\Programs\MiKTeX\tex/latex/listings\lstlang3.sty
File: lstlang3.sty 2020/03/24 1.8d listings language file
)
(C:\Users\Akos\AppData\Local\Programs\MiKTeX\tex/latex/listings\lstmisc.sty
File: lstmisc.sty 2020/03/24 1.8d (Carsten Heinz)
)
Package hyperref Info: bookmark level for unknown lstlisting defaults to 0 on i
nput line 98.

[10] [11] [12]
Underfull \hbox (badness 1496) in paragraph at lines 238--240
[][]\TU/lmtt/m/n/10.95 \cite{Lee87}[]\TU/lmr/m/n/10.95 , [][]\TU/lmtt/m/n/10.95
 \cite{KissPhD}[]\TU/lmr/m/n/10.95 , [][]\TU/lmtt/m/n/10.95 \cite{Schreirer00}[
]\TU/lmr/m/n/10.95 , [][]\TU/lmtt/m/n/10.95 \cite{Mkrtychev:1997} []\TU/lmr/m/n
/10.95 és
 []


Underfull \hbox (badness 4967) in paragraph at lines 247--248
[]\TU/lmr/m/n/10.95 Megjegyzendő, hogy az ékezetes magyar betűket is tartalmazó
 [][]\TU/lmtt/m/n/10.95 .bib []\TU/lmr/m/n/10.95 fájl az
 []


Underfull \hbox (badness 1902) in paragraph at lines 247--248
[][]\TU/lmtt/m/n/10.95 inputenc []\TU/lmr/m/n/10.95 csomaggal betöltött [][]\TU
/lmtt/m/n/10.95 latin2 []\TU/lmr/m/n/10.95 betűkészlet miatt fordítható. Ugyane
z a
 []

[13]
Underfull \hbox (badness 10000) in paragraph at lines 258--259
[]\TU/lmr/m/n/10.95 1 oldalas \TU/lmr/m/it/10.95 tájékoztató \TU/lmr/m/n/10.95 
a szakdolgozat/diplomaterv szerkezetéről
 []


Underfull \hbox (badness 4108) in paragraph at lines 265--266
[]\TU/lmr/m/n/10.95 sorszámmal ellátott \TU/lmr/m/it/10.95 fejezetek\TU/lmr/m/n
/10.95 : a feladatkiírás pontosítása és részletes el-
 []

[14] [15]
Package hyperref Info: bookmark level for unknown definition defaults to 0 on i
nput line 306.
Package hyperref Info: bookmark level for unknown example defaults to 0 on inpu
t line 311.
Package hyperref Info: bookmark level for unknown theorem defaults to 0 on inpu
t line 314.
) [16]
\openout2 = `content/acknowledgement.aux'.

 (content/acknowledgement.tex) [17




] (thesis.bbl) [18



]
\openout2 = `content/appendices.aux'.


(content/appendices.tex
File: figures/TeXstudio.png Graphic file (type bmp)
<figures/TeXstudio.png>
 [19


]
Underfull \hbox (badness 1577) in paragraph at lines 22--22
[]\TU/lmr/bx/n/14.4 Válasz az „Élet, a világmindenség, meg minden”
 []

) [20

]
\tf@thm=\write5
\openout5 = `thesis.thm'.

 (thesis.aux (include/guideline.aux) (include/project.aux)
(include/titlepage.aux) (include/declaration.aux) (content/abstract.aux)
(content/introduction.aux) (content/latex-tools.aux) (content/thesis-format.aux
) (content/template-usage.aux) (content/acknowledgement.aux)
(content/appendices.aux))
Package rerunfilecheck Info: File `thesis.out' has not changed.
(rerunfilecheck)             Checksum: A68A23BB62CEE2EB14D8AB822D200934;4431.
 ) 
Here is how much of TeX's memory you used:
 19422 strings out of 410532
 360752 string characters out of 2813502
 1385523 words of memory out of 3000000
 40237 multiletter control sequences out of 15000+600000
 482880 words of font info for 110 fonts, out of 8000000 for 9000
 1352 hyphenation exceptions out of 8191
 77i,16n,80p,1473b,1928s stack positions out of 10000i,1000n,20000p,200000b,80000s

Output written on thesis.pdf (28 pages).
